[2024-09-12T06:36:58.888+0000] {processor.py:161} INFO - Started process (PID=3081) to work on /opt/airflow/dags/postgres_to_bigquery_dag.py
[2024-09-12T06:36:58.983+0000] {processor.py:830} INFO - Processing file /opt/airflow/dags/postgres_to_bigquery_dag.py for tasks to queue
[2024-09-12T06:36:58.993+0000] {logging_mixin.py:188} INFO - [2024-09-12T06:36:58.992+0000] {dagbag.py:545} INFO - Filling up the DagBag from /opt/airflow/dags/postgres_to_bigquery_dag.py
[2024-09-12T06:37:30.402+0000] {processor.py:840} INFO - DAG(s) 'postgres_to_bigquery' retrieved from /opt/airflow/dags/postgres_to_bigquery_dag.py
[2024-09-12T06:37:30.837+0000] {logging_mixin.py:188} INFO - [2024-09-12T06:37:30.824+0000] {dag.py:3089} INFO - Sync 1 DAGs
[2024-09-12T06:37:31.141+0000] {logging_mixin.py:188} INFO - [2024-09-12T06:37:31.140+0000] {dag.py:3947} INFO - Setting next_dagrun for postgres_to_bigquery to 2024-09-12 00:00:00+00:00, run_after=2024-09-13 00:00:00+00:00
[2024-09-12T06:37:31.375+0000] {processor.py:183} INFO - Processing /opt/airflow/dags/postgres_to_bigquery_dag.py took 30.961 seconds
[2024-09-12T06:38:02.126+0000] {processor.py:161} INFO - Started process (PID=3141) to work on /opt/airflow/dags/postgres_to_bigquery_dag.py
[2024-09-12T06:38:02.151+0000] {processor.py:830} INFO - Processing file /opt/airflow/dags/postgres_to_bigquery_dag.py for tasks to queue
[2024-09-12T06:38:02.171+0000] {logging_mixin.py:188} INFO - [2024-09-12T06:38:02.170+0000] {dagbag.py:545} INFO - Filling up the DagBag from /opt/airflow/dags/postgres_to_bigquery_dag.py
[2024-09-12T06:38:08.208+0000] {processor.py:840} INFO - DAG(s) 'postgres_to_bigquery' retrieved from /opt/airflow/dags/postgres_to_bigquery_dag.py
[2024-09-12T06:38:08.401+0000] {logging_mixin.py:188} INFO - [2024-09-12T06:38:08.400+0000] {dag.py:3089} INFO - Sync 1 DAGs
[2024-09-12T06:38:08.573+0000] {logging_mixin.py:188} INFO - [2024-09-12T06:38:08.573+0000] {dag.py:3947} INFO - Setting next_dagrun for postgres_to_bigquery to 2024-09-12 00:00:00+00:00, run_after=2024-09-13 00:00:00+00:00
[2024-09-12T06:38:08.689+0000] {processor.py:183} INFO - Processing /opt/airflow/dags/postgres_to_bigquery_dag.py took 6.600 seconds
[2024-09-12T06:38:39.014+0000] {processor.py:161} INFO - Started process (PID=3159) to work on /opt/airflow/dags/postgres_to_bigquery_dag.py
[2024-09-12T06:38:39.017+0000] {processor.py:830} INFO - Processing file /opt/airflow/dags/postgres_to_bigquery_dag.py for tasks to queue
[2024-09-12T06:38:39.022+0000] {logging_mixin.py:188} INFO - [2024-09-12T06:38:39.021+0000] {dagbag.py:545} INFO - Filling up the DagBag from /opt/airflow/dags/postgres_to_bigquery_dag.py
[2024-09-12T06:38:41.714+0000] {processor.py:840} INFO - DAG(s) 'postgres_to_bigquery' retrieved from /opt/airflow/dags/postgres_to_bigquery_dag.py
[2024-09-12T06:38:41.780+0000] {logging_mixin.py:188} INFO - [2024-09-12T06:38:41.778+0000] {dag.py:3089} INFO - Sync 1 DAGs
[2024-09-12T06:38:41.834+0000] {logging_mixin.py:188} INFO - [2024-09-12T06:38:41.834+0000] {dag.py:3947} INFO - Setting next_dagrun for postgres_to_bigquery to 2024-09-12 00:00:00+00:00, run_after=2024-09-13 00:00:00+00:00
[2024-09-12T06:38:41.882+0000] {processor.py:183} INFO - Processing /opt/airflow/dags/postgres_to_bigquery_dag.py took 2.877 seconds
[2024-09-12T14:21:57.857+0000] {processor.py:161} INFO - Started process (PID=167) to work on /opt/airflow/dags/postgres_to_bigquery_dag.py
[2024-09-12T14:21:57.870+0000] {processor.py:830} INFO - Processing file /opt/airflow/dags/postgres_to_bigquery_dag.py for tasks to queue
[2024-09-12T14:21:57.877+0000] {logging_mixin.py:188} INFO - [2024-09-12T14:21:57.876+0000] {dagbag.py:545} INFO - Filling up the DagBag from /opt/airflow/dags/postgres_to_bigquery_dag.py
[2024-09-12T14:22:04.250+0000] {processor.py:840} INFO - DAG(s) 'postgres_to_bigquery' retrieved from /opt/airflow/dags/postgres_to_bigquery_dag.py
[2024-09-12T14:22:04.466+0000] {logging_mixin.py:188} INFO - [2024-09-12T14:22:04.465+0000] {dag.py:3089} INFO - Sync 1 DAGs
[2024-09-12T14:22:04.506+0000] {logging_mixin.py:188} INFO - [2024-09-12T14:22:04.505+0000] {dag.py:3947} INFO - Setting next_dagrun for postgres_to_bigquery to 2024-09-12 00:00:00+00:00, run_after=2024-09-13 00:00:00+00:00
[2024-09-12T14:22:04.554+0000] {processor.py:183} INFO - Processing /opt/airflow/dags/postgres_to_bigquery_dag.py took 6.741 seconds
[2024-09-12T14:22:35.597+0000] {processor.py:161} INFO - Started process (PID=219) to work on /opt/airflow/dags/postgres_to_bigquery_dag.py
[2024-09-12T14:22:35.605+0000] {processor.py:830} INFO - Processing file /opt/airflow/dags/postgres_to_bigquery_dag.py for tasks to queue
[2024-09-12T14:22:35.631+0000] {logging_mixin.py:188} INFO - [2024-09-12T14:22:35.630+0000] {dagbag.py:545} INFO - Filling up the DagBag from /opt/airflow/dags/postgres_to_bigquery_dag.py
[2024-09-12T14:22:38.849+0000] {processor.py:840} INFO - DAG(s) 'postgres_to_bigquery' retrieved from /opt/airflow/dags/postgres_to_bigquery_dag.py
[2024-09-12T14:22:38.950+0000] {logging_mixin.py:188} INFO - [2024-09-12T14:22:38.946+0000] {dag.py:3089} INFO - Sync 1 DAGs
[2024-09-12T14:22:39.090+0000] {logging_mixin.py:188} INFO - [2024-09-12T14:22:39.090+0000] {dag.py:3947} INFO - Setting next_dagrun for postgres_to_bigquery to 2024-09-12 00:00:00+00:00, run_after=2024-09-13 00:00:00+00:00
[2024-09-12T14:22:39.141+0000] {processor.py:183} INFO - Processing /opt/airflow/dags/postgres_to_bigquery_dag.py took 3.585 seconds
[2024-09-12T14:23:09.276+0000] {processor.py:161} INFO - Started process (PID=239) to work on /opt/airflow/dags/postgres_to_bigquery_dag.py
[2024-09-12T14:23:09.278+0000] {processor.py:830} INFO - Processing file /opt/airflow/dags/postgres_to_bigquery_dag.py for tasks to queue
[2024-09-12T14:23:09.282+0000] {logging_mixin.py:188} INFO - [2024-09-12T14:23:09.281+0000] {dagbag.py:545} INFO - Filling up the DagBag from /opt/airflow/dags/postgres_to_bigquery_dag.py
[2024-09-12T14:23:11.535+0000] {processor.py:840} INFO - DAG(s) 'postgres_to_bigquery' retrieved from /opt/airflow/dags/postgres_to_bigquery_dag.py
[2024-09-12T14:23:11.592+0000] {logging_mixin.py:188} INFO - [2024-09-12T14:23:11.591+0000] {dag.py:3089} INFO - Sync 1 DAGs
[2024-09-12T14:23:11.663+0000] {logging_mixin.py:188} INFO - [2024-09-12T14:23:11.662+0000] {dag.py:3947} INFO - Setting next_dagrun for postgres_to_bigquery to 2024-09-12 00:00:00+00:00, run_after=2024-09-13 00:00:00+00:00
[2024-09-12T14:23:11.745+0000] {processor.py:183} INFO - Processing /opt/airflow/dags/postgres_to_bigquery_dag.py took 2.483 seconds
[2024-09-12T14:23:42.038+0000] {processor.py:161} INFO - Started process (PID=257) to work on /opt/airflow/dags/postgres_to_bigquery_dag.py
[2024-09-12T14:23:42.061+0000] {processor.py:830} INFO - Processing file /opt/airflow/dags/postgres_to_bigquery_dag.py for tasks to queue
[2024-09-12T14:23:42.066+0000] {logging_mixin.py:188} INFO - [2024-09-12T14:23:42.064+0000] {dagbag.py:545} INFO - Filling up the DagBag from /opt/airflow/dags/postgres_to_bigquery_dag.py
[2024-09-12T14:23:44.022+0000] {processor.py:840} INFO - DAG(s) 'postgres_to_bigquery' retrieved from /opt/airflow/dags/postgres_to_bigquery_dag.py
[2024-09-12T14:23:44.060+0000] {logging_mixin.py:188} INFO - [2024-09-12T14:23:44.059+0000] {dag.py:3089} INFO - Sync 1 DAGs
[2024-09-12T14:23:44.095+0000] {logging_mixin.py:188} INFO - [2024-09-12T14:23:44.095+0000] {dag.py:3947} INFO - Setting next_dagrun for postgres_to_bigquery to 2024-09-12 00:00:00+00:00, run_after=2024-09-13 00:00:00+00:00
[2024-09-12T14:23:44.136+0000] {processor.py:183} INFO - Processing /opt/airflow/dags/postgres_to_bigquery_dag.py took 2.137 seconds
[2024-09-12T14:24:14.943+0000] {processor.py:161} INFO - Started process (PID=275) to work on /opt/airflow/dags/postgres_to_bigquery_dag.py
[2024-09-12T14:24:14.947+0000] {processor.py:830} INFO - Processing file /opt/airflow/dags/postgres_to_bigquery_dag.py for tasks to queue
[2024-09-12T14:24:14.959+0000] {logging_mixin.py:188} INFO - [2024-09-12T14:24:14.958+0000] {dagbag.py:545} INFO - Filling up the DagBag from /opt/airflow/dags/postgres_to_bigquery_dag.py
[2024-09-12T14:24:17.049+0000] {processor.py:840} INFO - DAG(s) 'postgres_to_bigquery' retrieved from /opt/airflow/dags/postgres_to_bigquery_dag.py
[2024-09-12T14:24:17.123+0000] {logging_mixin.py:188} INFO - [2024-09-12T14:24:17.122+0000] {dag.py:3089} INFO - Sync 1 DAGs
[2024-09-12T14:24:17.182+0000] {logging_mixin.py:188} INFO - [2024-09-12T14:24:17.182+0000] {dag.py:3947} INFO - Setting next_dagrun for postgres_to_bigquery to 2024-09-12 00:00:00+00:00, run_after=2024-09-13 00:00:00+00:00
[2024-09-12T14:24:17.226+0000] {processor.py:183} INFO - Processing /opt/airflow/dags/postgres_to_bigquery_dag.py took 2.317 seconds
[2024-09-12T14:24:47.824+0000] {processor.py:161} INFO - Started process (PID=324) to work on /opt/airflow/dags/postgres_to_bigquery_dag.py
[2024-09-12T14:24:47.834+0000] {processor.py:830} INFO - Processing file /opt/airflow/dags/postgres_to_bigquery_dag.py for tasks to queue
[2024-09-12T14:24:47.841+0000] {logging_mixin.py:188} INFO - [2024-09-12T14:24:47.840+0000] {dagbag.py:545} INFO - Filling up the DagBag from /opt/airflow/dags/postgres_to_bigquery_dag.py
[2024-09-12T14:25:00.195+0000] {processor.py:840} INFO - DAG(s) 'postgres_to_bigquery' retrieved from /opt/airflow/dags/postgres_to_bigquery_dag.py
[2024-09-12T14:25:00.340+0000] {logging_mixin.py:188} INFO - [2024-09-12T14:25:00.339+0000] {dag.py:3089} INFO - Sync 1 DAGs
[2024-09-12T14:25:00.415+0000] {logging_mixin.py:188} INFO - [2024-09-12T14:25:00.415+0000] {dag.py:3947} INFO - Setting next_dagrun for postgres_to_bigquery to 2024-09-12 00:00:00+00:00, run_after=2024-09-13 00:00:00+00:00
[2024-09-12T14:25:00.525+0000] {processor.py:183} INFO - Processing /opt/airflow/dags/postgres_to_bigquery_dag.py took 12.795 seconds
[2024-09-12T14:25:30.734+0000] {processor.py:161} INFO - Started process (PID=351) to work on /opt/airflow/dags/postgres_to_bigquery_dag.py
[2024-09-12T14:25:30.736+0000] {processor.py:830} INFO - Processing file /opt/airflow/dags/postgres_to_bigquery_dag.py for tasks to queue
[2024-09-12T14:25:30.740+0000] {logging_mixin.py:188} INFO - [2024-09-12T14:25:30.740+0000] {dagbag.py:545} INFO - Filling up the DagBag from /opt/airflow/dags/postgres_to_bigquery_dag.py
[2024-09-12T14:25:32.795+0000] {processor.py:840} INFO - DAG(s) 'postgres_to_bigquery' retrieved from /opt/airflow/dags/postgres_to_bigquery_dag.py
[2024-09-12T14:25:32.974+0000] {logging_mixin.py:188} INFO - [2024-09-12T14:25:32.963+0000] {dag.py:3089} INFO - Sync 1 DAGs
[2024-09-12T14:25:33.125+0000] {logging_mixin.py:188} INFO - [2024-09-12T14:25:33.115+0000] {dag.py:3947} INFO - Setting next_dagrun for postgres_to_bigquery to 2024-09-12 00:00:00+00:00, run_after=2024-09-13 00:00:00+00:00
[2024-09-12T14:25:58.297+0000] {processor.py:186} ERROR - Got an exception! Propagating...
Traceback (most recent call last):
  File "/home/airflow/.local/lib/python3.12/site-packages/sqlalchemy/engine/base.py", line 1094, in _commit_impl
    self.engine.dialect.do_commit(self.connection)
  File "/home/airflow/.local/lib/python3.12/site-packages/sqlalchemy/engine/default.py", line 686, in do_commit
    dbapi_connection.commit()
psycopg2.OperationalError: server closed the connection unexpectedly
	This probably means the server terminated abnormally
	before or while processing the request.


The above exception was the direct cause of the following exception:

Traceback (most recent call last):
  File "/home/airflow/.local/lib/python3.12/site-packages/airflow/dag_processing/processor.py", line 182, in _run_file_processor
    _handle_dag_file_processing()
  File "/home/airflow/.local/lib/python3.12/site-packages/airflow/dag_processing/processor.py", line 163, in _handle_dag_file_processing
    result: tuple[int, int] = dag_file_processor.process_file(
                              ^^^^^^^^^^^^^^^^^^^^^^^^^^^^^^^^
  File "/home/airflow/.local/lib/python3.12/site-packages/airflow/utils/session.py", line 79, in wrapper
    return func(*args, session=session, **kwargs)
           ^^^^^^^^^^^^^^^^^^^^^^^^^^^^^^^^^^^^^^
  File "/home/airflow/.local/lib/python3.12/site-packages/airflow/dag_processing/processor.py", line 859, in process_file
    serialize_errors = DagFileProcessor.save_dag_to_db(
                       ^^^^^^^^^^^^^^^^^^^^^^^^^^^^^^^^
  File "/home/airflow/.local/lib/python3.12/site-packages/airflow/api_internal/internal_api_call.py", line 115, in wrapper
    return func(*args, **kwargs)
           ^^^^^^^^^^^^^^^^^^^^^
  File "/home/airflow/.local/lib/python3.12/site-packages/airflow/utils/session.py", line 79, in wrapper
    return func(*args, session=session, **kwargs)
           ^^^^^^^^^^^^^^^^^^^^^^^^^^^^^^^^^^^^^^
  File "/home/airflow/.local/lib/python3.12/site-packages/airflow/dag_processing/processor.py", line 896, in save_dag_to_db
    session.commit()
  File "/home/airflow/.local/lib/python3.12/site-packages/sqlalchemy/orm/session.py", line 1454, in commit
    self._transaction.commit(_to_root=self.future)
  File "/home/airflow/.local/lib/python3.12/site-packages/sqlalchemy/orm/session.py", line 839, in commit
    trans.commit()
  File "/home/airflow/.local/lib/python3.12/site-packages/sqlalchemy/engine/base.py", line 2469, in commit
    self._do_commit()
  File "/home/airflow/.local/lib/python3.12/site-packages/sqlalchemy/engine/base.py", line 2659, in _do_commit
    self._connection_commit_impl()
  File "/home/airflow/.local/lib/python3.12/site-packages/sqlalchemy/engine/base.py", line 2630, in _connection_commit_impl
    self.connection._commit_impl()
  File "/home/airflow/.local/lib/python3.12/site-packages/sqlalchemy/engine/base.py", line 1096, in _commit_impl
    self._handle_dbapi_exception(e, None, None, None, None)
  File "/home/airflow/.local/lib/python3.12/site-packages/sqlalchemy/engine/base.py", line 2134, in _handle_dbapi_exception
    util.raise_(
  File "/home/airflow/.local/lib/python3.12/site-packages/sqlalchemy/util/compat.py", line 211, in raise_
    raise exception
  File "/home/airflow/.local/lib/python3.12/site-packages/sqlalchemy/engine/base.py", line 1094, in _commit_impl
    self.engine.dialect.do_commit(self.connection)
  File "/home/airflow/.local/lib/python3.12/site-packages/sqlalchemy/engine/default.py", line 686, in do_commit
    dbapi_connection.commit()
sqlalchemy.exc.OperationalError: (psycopg2.OperationalError) server closed the connection unexpectedly
	This probably means the server terminated abnormally
	before or while processing the request.

(Background on this error at: https://sqlalche.me/e/14/e3q8)
[2024-09-12T15:36:48.834+0000] {processor.py:161} INFO - Started process (PID=167) to work on /opt/airflow/dags/postgres_to_bigquery_dag.py
[2024-09-12T15:36:48.840+0000] {processor.py:830} INFO - Processing file /opt/airflow/dags/postgres_to_bigquery_dag.py for tasks to queue
[2024-09-12T15:36:48.843+0000] {logging_mixin.py:188} INFO - [2024-09-12T15:36:48.842+0000] {dagbag.py:545} INFO - Filling up the DagBag from /opt/airflow/dags/postgres_to_bigquery_dag.py
[2024-09-12T15:36:56.948+0000] {processor.py:840} INFO - DAG(s) 'postgres_to_bigquery' retrieved from /opt/airflow/dags/postgres_to_bigquery_dag.py
[2024-09-12T15:36:57.985+0000] {logging_mixin.py:188} INFO - [2024-09-12T15:36:57.984+0000] {dag.py:3089} INFO - Sync 1 DAGs
[2024-09-12T15:36:58.065+0000] {logging_mixin.py:188} INFO - [2024-09-12T15:36:58.064+0000] {dag.py:3947} INFO - Setting next_dagrun for postgres_to_bigquery to 2024-09-12 00:00:00+00:00, run_after=2024-09-13 00:00:00+00:00
[2024-09-12T15:36:58.386+0000] {processor.py:183} INFO - Processing /opt/airflow/dags/postgres_to_bigquery_dag.py took 9.565 seconds
[2024-09-12T15:37:28.906+0000] {processor.py:161} INFO - Started process (PID=203) to work on /opt/airflow/dags/postgres_to_bigquery_dag.py
[2024-09-12T15:37:28.915+0000] {processor.py:830} INFO - Processing file /opt/airflow/dags/postgres_to_bigquery_dag.py for tasks to queue
[2024-09-12T15:37:28.919+0000] {logging_mixin.py:188} INFO - [2024-09-12T15:37:28.918+0000] {dagbag.py:545} INFO - Filling up the DagBag from /opt/airflow/dags/postgres_to_bigquery_dag.py
[2024-09-12T15:37:30.428+0000] {processor.py:840} INFO - DAG(s) 'postgres_to_bigquery' retrieved from /opt/airflow/dags/postgres_to_bigquery_dag.py
[2024-09-12T15:37:30.475+0000] {logging_mixin.py:188} INFO - [2024-09-12T15:37:30.474+0000] {dag.py:3089} INFO - Sync 1 DAGs
[2024-09-12T15:37:30.506+0000] {logging_mixin.py:188} INFO - [2024-09-12T15:37:30.506+0000] {dag.py:3947} INFO - Setting next_dagrun for postgres_to_bigquery to 2024-09-12 00:00:00+00:00, run_after=2024-09-13 00:00:00+00:00
[2024-09-12T15:37:30.543+0000] {processor.py:183} INFO - Processing /opt/airflow/dags/postgres_to_bigquery_dag.py took 1.645 seconds
[2024-09-12T15:38:00.939+0000] {processor.py:161} INFO - Started process (PID=227) to work on /opt/airflow/dags/postgres_to_bigquery_dag.py
[2024-09-12T15:38:00.941+0000] {processor.py:830} INFO - Processing file /opt/airflow/dags/postgres_to_bigquery_dag.py for tasks to queue
[2024-09-12T15:38:00.944+0000] {logging_mixin.py:188} INFO - [2024-09-12T15:38:00.944+0000] {dagbag.py:545} INFO - Filling up the DagBag from /opt/airflow/dags/postgres_to_bigquery_dag.py
[2024-09-12T15:38:04.654+0000] {processor.py:840} INFO - DAG(s) 'postgres_to_bigquery' retrieved from /opt/airflow/dags/postgres_to_bigquery_dag.py
[2024-09-12T15:38:04.816+0000] {logging_mixin.py:188} INFO - [2024-09-12T15:38:04.815+0000] {dag.py:3089} INFO - Sync 1 DAGs
[2024-09-12T15:38:04.853+0000] {logging_mixin.py:188} INFO - [2024-09-12T15:38:04.853+0000] {dag.py:3947} INFO - Setting next_dagrun for postgres_to_bigquery to 2024-09-12 00:00:00+00:00, run_after=2024-09-13 00:00:00+00:00
[2024-09-12T15:38:04.888+0000] {processor.py:183} INFO - Processing /opt/airflow/dags/postgres_to_bigquery_dag.py took 3.961 seconds
[2024-09-12T15:38:35.833+0000] {processor.py:161} INFO - Started process (PID=245) to work on /opt/airflow/dags/postgres_to_bigquery_dag.py
[2024-09-12T15:38:35.835+0000] {processor.py:830} INFO - Processing file /opt/airflow/dags/postgres_to_bigquery_dag.py for tasks to queue
[2024-09-12T15:38:35.848+0000] {logging_mixin.py:188} INFO - [2024-09-12T15:38:35.848+0000] {dagbag.py:545} INFO - Filling up the DagBag from /opt/airflow/dags/postgres_to_bigquery_dag.py
[2024-09-12T15:38:41.095+0000] {processor.py:840} INFO - DAG(s) 'postgres_to_bigquery' retrieved from /opt/airflow/dags/postgres_to_bigquery_dag.py
[2024-09-12T15:38:41.199+0000] {logging_mixin.py:188} INFO - [2024-09-12T15:38:41.198+0000] {dag.py:3089} INFO - Sync 1 DAGs
[2024-09-12T15:38:41.356+0000] {logging_mixin.py:188} INFO - [2024-09-12T15:38:41.346+0000] {dag.py:3947} INFO - Setting next_dagrun for postgres_to_bigquery to 2024-09-12 00:00:00+00:00, run_after=2024-09-13 00:00:00+00:00
[2024-09-12T15:38:41.453+0000] {processor.py:183} INFO - Processing /opt/airflow/dags/postgres_to_bigquery_dag.py took 5.640 seconds
[2024-09-12T15:39:11.798+0000] {processor.py:161} INFO - Started process (PID=263) to work on /opt/airflow/dags/postgres_to_bigquery_dag.py
[2024-09-12T15:39:11.800+0000] {processor.py:830} INFO - Processing file /opt/airflow/dags/postgres_to_bigquery_dag.py for tasks to queue
[2024-09-12T15:39:11.805+0000] {logging_mixin.py:188} INFO - [2024-09-12T15:39:11.804+0000] {dagbag.py:545} INFO - Filling up the DagBag from /opt/airflow/dags/postgres_to_bigquery_dag.py
[2024-09-12T15:39:14.431+0000] {processor.py:840} INFO - DAG(s) 'postgres_to_bigquery' retrieved from /opt/airflow/dags/postgres_to_bigquery_dag.py
[2024-09-12T15:39:14.656+0000] {logging_mixin.py:188} INFO - [2024-09-12T15:39:14.655+0000] {dag.py:3089} INFO - Sync 1 DAGs
[2024-09-12T15:39:14.775+0000] {logging_mixin.py:188} INFO - [2024-09-12T15:39:14.774+0000] {dag.py:3947} INFO - Setting next_dagrun for postgres_to_bigquery to 2024-09-12 00:00:00+00:00, run_after=2024-09-13 00:00:00+00:00
[2024-09-12T15:39:15.017+0000] {processor.py:183} INFO - Processing /opt/airflow/dags/postgres_to_bigquery_dag.py took 3.229 seconds
[2024-09-12T15:39:45.586+0000] {processor.py:161} INFO - Started process (PID=281) to work on /opt/airflow/dags/postgres_to_bigquery_dag.py
[2024-09-12T15:39:45.589+0000] {processor.py:830} INFO - Processing file /opt/airflow/dags/postgres_to_bigquery_dag.py for tasks to queue
[2024-09-12T15:39:45.591+0000] {logging_mixin.py:188} INFO - [2024-09-12T15:39:45.591+0000] {dagbag.py:545} INFO - Filling up the DagBag from /opt/airflow/dags/postgres_to_bigquery_dag.py
[2024-09-12T15:39:47.502+0000] {processor.py:840} INFO - DAG(s) 'postgres_to_bigquery' retrieved from /opt/airflow/dags/postgres_to_bigquery_dag.py
[2024-09-12T15:39:47.544+0000] {logging_mixin.py:188} INFO - [2024-09-12T15:39:47.544+0000] {dag.py:3089} INFO - Sync 1 DAGs
[2024-09-12T15:39:47.578+0000] {logging_mixin.py:188} INFO - [2024-09-12T15:39:47.578+0000] {dag.py:3947} INFO - Setting next_dagrun for postgres_to_bigquery to 2024-09-12 00:00:00+00:00, run_after=2024-09-13 00:00:00+00:00
[2024-09-12T15:39:47.626+0000] {processor.py:183} INFO - Processing /opt/airflow/dags/postgres_to_bigquery_dag.py took 2.052 seconds
[2024-09-12T15:40:18.781+0000] {processor.py:161} INFO - Started process (PID=299) to work on /opt/airflow/dags/postgres_to_bigquery_dag.py
[2024-09-12T15:40:18.801+0000] {processor.py:830} INFO - Processing file /opt/airflow/dags/postgres_to_bigquery_dag.py for tasks to queue
[2024-09-12T15:40:18.835+0000] {logging_mixin.py:188} INFO - [2024-09-12T15:40:18.808+0000] {dagbag.py:545} INFO - Filling up the DagBag from /opt/airflow/dags/postgres_to_bigquery_dag.py
[2024-09-12T15:40:24.344+0000] {processor.py:840} INFO - DAG(s) 'postgres_to_bigquery' retrieved from /opt/airflow/dags/postgres_to_bigquery_dag.py
[2024-09-12T15:40:24.543+0000] {logging_mixin.py:188} INFO - [2024-09-12T15:40:24.541+0000] {dag.py:3089} INFO - Sync 1 DAGs
[2024-09-12T15:40:24.742+0000] {logging_mixin.py:188} INFO - [2024-09-12T15:40:24.742+0000] {dag.py:3947} INFO - Setting next_dagrun for postgres_to_bigquery to 2024-09-12 00:00:00+00:00, run_after=2024-09-13 00:00:00+00:00
[2024-09-12T15:40:24.894+0000] {processor.py:183} INFO - Processing /opt/airflow/dags/postgres_to_bigquery_dag.py took 6.176 seconds
[2024-09-12T15:40:56.216+0000] {processor.py:161} INFO - Started process (PID=350) to work on /opt/airflow/dags/postgres_to_bigquery_dag.py
[2024-09-12T15:40:56.231+0000] {processor.py:830} INFO - Processing file /opt/airflow/dags/postgres_to_bigquery_dag.py for tasks to queue
[2024-09-12T15:40:56.282+0000] {logging_mixin.py:188} INFO - [2024-09-12T15:40:56.281+0000] {dagbag.py:545} INFO - Filling up the DagBag from /opt/airflow/dags/postgres_to_bigquery_dag.py
[2024-09-12T15:41:07.482+0000] {processor.py:840} INFO - DAG(s) 'postgres_to_bigquery' retrieved from /opt/airflow/dags/postgres_to_bigquery_dag.py
[2024-09-12T15:41:07.612+0000] {logging_mixin.py:188} INFO - [2024-09-12T15:41:07.601+0000] {dag.py:3089} INFO - Sync 1 DAGs
[2024-09-12T15:41:07.845+0000] {logging_mixin.py:188} INFO - [2024-09-12T15:41:07.845+0000] {dag.py:3947} INFO - Setting next_dagrun for postgres_to_bigquery to 2024-09-12 00:00:00+00:00, run_after=2024-09-13 00:00:00+00:00
[2024-09-12T15:41:08.656+0000] {processor.py:183} INFO - Processing /opt/airflow/dags/postgres_to_bigquery_dag.py took 12.474 seconds
[2024-09-12T15:41:39.470+0000] {processor.py:161} INFO - Started process (PID=371) to work on /opt/airflow/dags/postgres_to_bigquery_dag.py
[2024-09-12T15:41:39.480+0000] {processor.py:830} INFO - Processing file /opt/airflow/dags/postgres_to_bigquery_dag.py for tasks to queue
[2024-09-12T15:41:39.484+0000] {logging_mixin.py:188} INFO - [2024-09-12T15:41:39.483+0000] {dagbag.py:545} INFO - Filling up the DagBag from /opt/airflow/dags/postgres_to_bigquery_dag.py
[2024-09-12T15:41:40.640+0000] {processor.py:840} INFO - DAG(s) 'postgres_to_bigquery' retrieved from /opt/airflow/dags/postgres_to_bigquery_dag.py
[2024-09-12T15:41:40.678+0000] {logging_mixin.py:188} INFO - [2024-09-12T15:41:40.677+0000] {dag.py:3089} INFO - Sync 1 DAGs
[2024-09-12T15:41:40.755+0000] {logging_mixin.py:188} INFO - [2024-09-12T15:41:40.755+0000] {dag.py:3947} INFO - Setting next_dagrun for postgres_to_bigquery to 2024-09-12 00:00:00+00:00, run_after=2024-09-13 00:00:00+00:00
